<?xml version="1.0" encoding="UTF-8"?>
<testsuite xmlns:xsi="http://www.w3.org/2001/XMLSchema-instance" xsi:noNamespaceSchemaLocation="https://maven.apache.org/surefire/maven-surefire-plugin/xsd/surefire-test-report.xsd" name="aqw42.AppTest" time="0.023" tests="1" errors="0" skipped="0" failures="1">
  <properties>
[...]
</properties>
  <testcase name="shouldAnswerWithTrue" classname="aqw42.AppTest" time="0.004">
    <failure message="The message is not right expected:&lt;Hello[ddf] World !&gt; but was:&lt;Hello[] World !&gt;" type="org.junit.ComparisonFailure"><![CDATA[org.junit.ComparisonFailure: The message is not right expected:<Hello[ddf] World !> but was:<Hello[] World !>
	at aqw42.AppTest.shouldAnswerWithTrue(AppTest.java:20)
]]></failure>
  </testcase>
</testsuite>